21-Jul-2020 08:31:15.428 INFORMACIÓN [main] org.apache.catalina.startup.VersionLoggerListener.log Server version:        Apache Tomcat/9.0.13
21-Jul-2020 08:31:15.571 INFORMACIÓN [main] org.apache.catalina.startup.VersionLoggerListener.log Server built:          Nov 2 2018 14:27:55 UTC
21-Jul-2020 08:31:15.572 INFORMACIÓN [main] org.apache.catalina.startup.VersionLoggerListener.log Server number:         9.0.13.0
21-Jul-2020 08:31:15.572 INFORMACIÓN [main] org.apache.catalina.startup.VersionLoggerListener.log OS Name:               Linux
21-Jul-2020 08:31:15.573 INFORMACIÓN [main] org.apache.catalina.startup.VersionLoggerListener.log OS Version:            5.0.10-050010-generic
21-Jul-2020 08:31:15.573 INFORMACIÓN [main] org.apache.catalina.startup.VersionLoggerListener.log Architecture:          amd64
21-Jul-2020 08:31:15.573 INFORMACIÓN [main] org.apache.catalina.startup.VersionLoggerListener.log Java Home:             /usr/local/jre1.8.0_221
21-Jul-2020 08:31:15.573 INFORMACIÓN [main] org.apache.catalina.startup.VersionLoggerListener.log JVM Version:           1.8.0_221-b11
21-Jul-2020 08:31:15.573 INFORMACIÓN [main] org.apache.catalina.startup.VersionLoggerListener.log JVM Vendor:            Oracle Corporation
21-Jul-2020 08:31:15.573 INFORMACIÓN [main] org.apache.catalina.startup.VersionLoggerListener.log CATALINA_BASE:         /home/lramon/POWERFIN/tomcat
21-Jul-2020 08:31:15.573 INFORMACIÓN [main] org.apache.catalina.startup.VersionLoggerListener.log CATALINA_HOME:         /home/lramon/POWERFIN/tomcat
21-Jul-2020 08:31:15.574 INFORMACIÓN [main] org.apache.catalina.startup.VersionLoggerListener.log Command line argument: -Djava.util.logging.config.file=/home/lramon/POWERFIN/tomcat/conf/logging.properties
21-Jul-2020 08:31:15.574 INFORMACIÓN [main] org.apache.catalina.startup.VersionLoggerListener.log Command line argument: -Djava.util.logging.manager=org.apache.juli.ClassLoaderLogManager
21-Jul-2020 08:31:15.574 INFORMACIÓN [main] org.apache.catalina.startup.VersionLoggerListener.log Command line argument: -Djdk.tls.ephemeralDHKeySize=2048
21-Jul-2020 08:31:15.574 INFORMACIÓN [main] org.apache.catalina.startup.VersionLoggerListener.log Command line argument: -Djava.protocol.handler.pkgs=org.apache.catalina.webresources
21-Jul-2020 08:31:15.574 INFORMACIÓN [main] org.apache.catalina.startup.VersionLoggerListener.log Command line argument: -Dorg.apache.catalina.security.SecurityListener.UMASK=0027
21-Jul-2020 08:31:15.574 INFORMACIÓN [main] org.apache.catalina.startup.VersionLoggerListener.log Command line argument: -Dignore.endorsed.dirs=
21-Jul-2020 08:31:15.574 INFORMACIÓN [main] org.apache.catalina.startup.VersionLoggerListener.log Command line argument: -Dcatalina.base=/home/lramon/POWERFIN/tomcat
21-Jul-2020 08:31:15.574 INFORMACIÓN [main] org.apache.catalina.startup.VersionLoggerListener.log Command line argument: -Dcatalina.home=/home/lramon/POWERFIN/tomcat/
21-Jul-2020 08:31:15.575 INFORMACIÓN [main] org.apache.catalina.startup.VersionLoggerListener.log Command line argument: -Djava.io.tmpdir=/home/lramon/POWERFIN/tomcat/temp
21-Jul-2020 08:31:15.575 INFORMACIÓN [main] org.apache.catalina.core.AprLifecycleListener.lifecycleEvent La biblioteca nativa de Apache Tomcat basada en ARP que permite un rendimiento óptimo en entornos de desarrollo no ha sido hallada en java.library.path: [/usr/java/packages/lib/amd64:/usr/lib64:/lib64:/lib:/usr/lib]
21-Jul-2020 08:31:17.738 INFORMACIÓN [main] org.apache.coyote.AbstractProtocol.init Initializing ProtocolHandler ["http-nio-8080"]
21-Jul-2020 08:31:17.810 INFORMACIÓN [main] org.apache.tomcat.util.net.NioSelectorPool.getSharedSelector Using a shared selector for servlet write/read
21-Jul-2020 08:31:17.821 INFORMACIÓN [main] org.apache.coyote.AbstractProtocol.init Initializing ProtocolHandler ["ajp-nio-8009"]
21-Jul-2020 08:31:17.822 INFORMACIÓN [main] org.apache.tomcat.util.net.NioSelectorPool.getSharedSelector Using a shared selector for servlet write/read
21-Jul-2020 08:31:17.823 INFORMACIÓN [main] org.apache.catalina.startup.Catalina.load Initialization processed in 5053 ms
21-Jul-2020 08:31:17.936 INFORMACIÓN [main] org.apache.catalina.core.StandardService.startInternal Arrancando servicio [Catalina]
21-Jul-2020 08:31:17.936 INFORMACIÓN [main] org.apache.catalina.core.StandardEngine.startInternal Starting Servlet Engine: Apache Tomcat/9.0.13
21-Jul-2020 08:31:18.199 INFORMACIÓN [main] org.apache.catalina.startup.HostConfig.deployDirectory Despliegue del directorio [/home/lramon/POWERFIN/tomcat/webapps/powerfin] de la aplicación web
21-Jul-2020 08:31:43.380 ADVERTENCIA [main] org.apache.tomcat.dbcp.dbcp2.BasicDataSourceFactory.getObjectInstance Name = powerfinDS Property maxActive is not used in DBCP2, use maxTotal instead. maxTotal default value is 8. You have set value of "20" for "maxActive" property, which is being ignored.
21-Jul-2020 08:31:43.381 ADVERTENCIA [main] org.apache.tomcat.dbcp.dbcp2.BasicDataSourceFactory.getObjectInstance Name = powerfinDS Property maxWait is not used in DBCP2 , use maxWaitMillis instead. maxWaitMillis default value is -1. You have set value of "10000" for "maxWait" property, which is being ignored.
21-Jul-2020 08:31:43.386 ADVERTENCIA [main] org.apache.tomcat.dbcp.dbcp2.BasicDataSourceFactory.getObjectInstance Name = OpenXavaTestDS Property maxActive is not used in DBCP2, use maxTotal instead. maxTotal default value is 8. You have set value of "20" for "maxActive" property, which is being ignored.
21-Jul-2020 08:31:43.386 ADVERTENCIA [main] org.apache.tomcat.dbcp.dbcp2.BasicDataSourceFactory.getObjectInstance Name = OpenXavaTestDS Property maxWait is not used in DBCP2 , use maxWaitMillis instead. maxWaitMillis default value is -1. You have set value of "10000" for "maxWait" property, which is being ignored.
21-Jul-2020 08:31:43.387 ADVERTENCIA [main] org.apache.tomcat.dbcp.dbcp2.BasicDataSourceFactory.getObjectInstance Name = MySchoolDS Property maxActive is not used in DBCP2, use maxTotal instead. maxTotal default value is 8. You have set value of "20" for "maxActive" property, which is being ignored.
21-Jul-2020 08:31:43.387 ADVERTENCIA [main] org.apache.tomcat.dbcp.dbcp2.BasicDataSourceFactory.getObjectInstance Name = MySchoolDS Property maxWait is not used in DBCP2 , use maxWaitMillis instead. maxWaitMillis default value is -1. You have set value of "10000" for "maxWait" property, which is being ignored.
21-Jul-2020 08:31:43.387 ADVERTENCIA [main] org.apache.tomcat.dbcp.dbcp2.BasicDataSourceFactory.getObjectInstance Name = InvoiceDemoDS Property maxActive is not used in DBCP2, use maxTotal instead. maxTotal default value is 8. You have set value of "20" for "maxActive" property, which is being ignored.
21-Jul-2020 08:31:43.387 ADVERTENCIA [main] org.apache.tomcat.dbcp.dbcp2.BasicDataSourceFactory.getObjectInstance Name = InvoiceDemoDS Property maxWait is not used in DBCP2 , use maxWaitMillis instead. maxWaitMillis default value is -1. You have set value of "10000" for "maxWait" property, which is being ignored.
21-Jul-2020 08:31:43.553 INFORMACIÓN [main] org.apache.jasper.servlet.TldScanner.scanJars Al menos un JAR, que se ha explorado buscando TLDs, aún no contenía TLDs. Activar historial de depuración para este historiador para una completa lista de los JARs que fueron explorados y de los que nos se halló TLDs. Saltarse JARs no necesarios durante la exploración puede dar lugar a una mejora de tiempo significativa en el arranque y compilación de JSP .
21-Jul-2020 08:31:43.787 INFORMACIÓN [main] org.quartz.impl.StdSchedulerFactory.instantiate Using default implementation for ThreadExecutor
21-Jul-2020 08:31:43.789 INFORMACIÓN [main] org.quartz.simpl.SimpleThreadPool.initialize Job execution threads will use class loader of thread: main
21-Jul-2020 08:31:43.800 INFORMACIÓN [main] org.quartz.core.SchedulerSignalerImpl.<init> Initialized Scheduler Signaller of type: class org.quartz.core.SchedulerSignalerImpl
21-Jul-2020 08:31:43.800 INFORMACIÓN [main] org.quartz.core.QuartzScheduler.<init> Quartz Scheduler v.2.4.0-SNAPSHOT created.
21-Jul-2020 08:31:43.801 INFORMACIÓN [main] org.quartz.simpl.RAMJobStore.initialize RAMJobStore initialized.
21-Jul-2020 08:31:43.802 INFORMACIÓN [main] org.quartz.core.QuartzScheduler.initialize Scheduler meta-data: Quartz Scheduler (v2.4.0-SNAPSHOT) 'DefaultQuartzScheduler' with instanceId 'NON_CLUSTERED'
  Scheduler class: 'org.quartz.core.QuartzScheduler' - running locally.
  NOT STARTED.
  Currently in standby mode.
  Number of jobs executed: 0
  Using thread pool 'org.quartz.simpl.SimpleThreadPool' - with 10 threads.
  Using job-store 'org.quartz.simpl.RAMJobStore' - which does not support persistence. and is not clustered.

21-Jul-2020 08:31:43.802 INFORMACIÓN [main] org.quartz.impl.StdSchedulerFactory.instantiate Quartz scheduler 'DefaultQuartzScheduler' initialized from default resource file in Quartz package: 'quartz.properties'
21-Jul-2020 08:31:43.802 INFORMACIÓN [main] org.quartz.impl.StdSchedulerFactory.instantiate Quartz scheduler version: 2.4.0-SNAPSHOT
21-Jul-2020 08:31:43.802 INFORMACIÓN [main] org.quartz.core.QuartzScheduler.start Scheduler DefaultQuartzScheduler_$_NON_CLUSTERED started.
21-Jul-2020 08:31:43.803 INFORMACIÓN [main] org.openxava.util.Users.contextInitialized Start Scheduler...
21-Jul-2020 08:31:44.504 WARN [main] org.hibernate.jpa.boot.spi.ProviderChecker.hibernateProviderNamesContain HHH015016: Encountered a deprecated javax.persistence.spi.PersistenceProvider [org.hibernate.ejb.HibernatePersistence]; [org.hibernate.jpa.HibernatePersistenceProvider] will be used instead.
21-Jul-2020 08:31:44.526 INFO [main] org.hibernate.jpa.internal.util.LogHelper.logPersistenceUnitInformation HHH000204: Processing PersistenceUnitInfo [
	name: default
	...]
21-Jul-2020 08:31:44.711 INFO [main] org.hibernate.Version.logVersion HHH000412: Hibernate Core {5.3.9.Final}
21-Jul-2020 08:31:44.713 INFO [main] org.hibernate.cfg.Environment.<clinit> HHH000206: hibernate.properties not found
21-Jul-2020 08:31:44.898 INFO [main] org.hibernate.annotations.common.reflection.java.JavaReflectionManager.<clinit> HCANN000001: Hibernate Commons Annotations {5.0.4.Final}
21-Jul-2020 08:31:45.103 WARN [main] org.hibernate.boot.jaxb.internal.stax.LocalXmlResourceResolver.resolveEntity HHH90000012: Recognized obsolete hibernate namespace http://hibernate.sourceforge.net/hibernate-mapping. Use namespace http://www.hibernate.org/dtd/hibernate-mapping instead.  Support for obsolete DTD/XSD namespaces may be removed at any time.
21-Jul-2020 08:31:46.062 INFO [main] org.hibernate.dialect.Dialect.<init> HHH000400: Using dialect: org.hibernate.dialect.PostgreSQLDialect
21-Jul-2020 08:31:47.640 INFO [main] org.hibernate.engine.jdbc.env.internal.LobCreatorBuilderImpl.useContextualLobCreation HHH000424: Disabling contextual LOB creation as createClob() method threw error : java.lang.reflect.InvocationTargetException
21-Jul-2020 08:31:47.647 INFO [main] org.hibernate.type.BasicTypeRegistry.register HHH000270: Type registration [java.util.UUID] overrides previous : org.hibernate.type.UUIDBinaryType@4dce4fa
21-Jul-2020 08:31:47.719 INFO [main] org.hibernate.envers.boot.internal.EnversServiceImpl.configure Envers integration enabled? : true
21-Jul-2020 08:31:48.691 WARN [main] org.hibernate.id.UUIDHexGenerator.<init> HHH000409: Using org.hibernate.id.UUIDHexGenerator which does not generate IETF RFC 4122 compliant UUID values; consider using org.hibernate.id.UUIDGenerator instead
21-Jul-2020 08:31:49.146 INFO [main] org.hibernate.validator.internal.util.Version.<clinit> HV000001: Hibernate Validator 6.0.15.Final
21-Jul-2020 08:31:52.492 INFO [main] org.hibernate.hql.internal.QueryTranslatorFactoryInitiator.initiateService HHH000397: Using ASTQueryTranslatorFactory
21-Jul-2020 08:31:52.603 WARN [main] org.hibernate.jpa.boot.spi.ProviderChecker.hibernateProviderNamesContain HHH015016: Encountered a deprecated javax.persistence.spi.PersistenceProvider [org.hibernate.ejb.HibernatePersistence]; [org.hibernate.jpa.HibernatePersistenceProvider] will be used instead.
21-Jul-2020 08:31:52.604 INFO [main] org.hibernate.jpa.internal.util.LogHelper.logPersistenceUnitInformation HHH000204: Processing PersistenceUnitInfo [
	name: default
	...]
21-Jul-2020 08:31:52.648 WARN [main] org.hibernate.boot.jaxb.internal.stax.LocalXmlResourceResolver.resolveEntity HHH90000012: Recognized obsolete hibernate namespace http://hibernate.sourceforge.net/hibernate-mapping. Use namespace http://www.hibernate.org/dtd/hibernate-mapping instead.  Support for obsolete DTD/XSD namespaces may be removed at any time.
21-Jul-2020 08:31:52.778 INFO [main] org.hibernate.dialect.Dialect.<init> HHH000400: Using dialect: org.hibernate.dialect.PostgreSQLDialect
21-Jul-2020 08:31:52.874 INFO [main] org.hibernate.engine.jdbc.env.internal.LobCreatorBuilderImpl.useContextualLobCreation HHH000424: Disabling contextual LOB creation as createClob() method threw error : java.lang.reflect.InvocationTargetException
21-Jul-2020 08:31:52.875 INFO [main] org.hibernate.type.BasicTypeRegistry.register HHH000270: Type registration [java.util.UUID] overrides previous : org.hibernate.type.UUIDBinaryType@4dce4fa
21-Jul-2020 08:31:52.876 INFO [main] org.hibernate.envers.boot.internal.EnversServiceImpl.configure Envers integration enabled? : true
21-Jul-2020 08:31:53.911 INFO [main] org.hibernate.hql.internal.QueryTranslatorFactoryInitiator.initiateService HHH000397: Using ASTQueryTranslatorFactory
21-Jul-2020 08:31:54.914 WARN [main] org.hibernate.jpa.boot.spi.ProviderChecker.hibernateProviderNamesContain HHH015016: Encountered a deprecated javax.persistence.spi.PersistenceProvider [org.hibernate.ejb.HibernatePersistence]; [org.hibernate.jpa.HibernatePersistenceProvider] will be used instead.
21-Jul-2020 08:31:54.914 INFO [main] org.hibernate.jpa.internal.util.LogHelper.logPersistenceUnitInformation HHH000204: Processing PersistenceUnitInfo [
	name: default
	...]
21-Jul-2020 08:31:54.964 WARN [main] org.hibernate.boot.jaxb.internal.stax.LocalXmlResourceResolver.resolveEntity HHH90000012: Recognized obsolete hibernate namespace http://hibernate.sourceforge.net/hibernate-mapping. Use namespace http://www.hibernate.org/dtd/hibernate-mapping instead.  Support for obsolete DTD/XSD namespaces may be removed at any time.
21-Jul-2020 08:31:55.114 INFO [main] org.hibernate.dialect.Dialect.<init> HHH000400: Using dialect: org.hibernate.dialect.PostgreSQLDialect
21-Jul-2020 08:31:55.179 INFO [main] org.hibernate.engine.jdbc.env.internal.LobCreatorBuilderImpl.useContextualLobCreation HHH000424: Disabling contextual LOB creation as createClob() method threw error : java.lang.reflect.InvocationTargetException
21-Jul-2020 08:31:55.180 INFO [main] org.hibernate.type.BasicTypeRegistry.register HHH000270: Type registration [java.util.UUID] overrides previous : org.hibernate.type.UUIDBinaryType@4dce4fa
21-Jul-2020 08:31:55.180 INFO [main] org.hibernate.envers.boot.internal.EnversServiceImpl.configure Envers integration enabled? : true
21-Jul-2020 08:31:56.616 INFO [main] org.hibernate.hql.internal.QueryTranslatorFactoryInitiator.initiateService HHH000397: Using ASTQueryTranslatorFactory
21-Jul-2020 08:31:56.893 INFORMACIÓN [main] org.openxava.util.Users.contextInitialized MOVILIZA ECUADOR, Tasks: 2
21-Jul-2020 08:31:56.927 INFORMACIÓN [main] org.openxava.util.Users.contextInitialized Add Task, Schema: movilizaec, Task: NOTIFICACIONES POR EMAIL
21-Jul-2020 08:31:56.939 INFORMACIÓN [main] org.openxava.util.Users.contextInitialized Add Task, Schema: movilizaec, Task: NOTIFICACIONES POR WHASTAPP
21-Jul-2020 08:31:56.970 INFORMACIÓN [main] org.openxava.util.Users.contextInitialized DEFAULT, Tasks: 0
21-Jul-2020 08:31:56.986 WARN [main] org.hibernate.jpa.boot.spi.ProviderChecker.hibernateProviderNamesContain HHH015016: Encountered a deprecated javax.persistence.spi.PersistenceProvider [org.hibernate.ejb.HibernatePersistence]; [org.hibernate.jpa.HibernatePersistenceProvider] will be used instead.
21-Jul-2020 08:31:56.986 INFO [main] org.hibernate.jpa.internal.util.LogHelper.logPersistenceUnitInformation HHH000204: Processing PersistenceUnitInfo [
	name: default
	...]
21-Jul-2020 08:31:57.088 WARN [main] org.hibernate.boot.jaxb.internal.stax.LocalXmlResourceResolver.resolveEntity HHH90000012: Recognized obsolete hibernate namespace http://hibernate.sourceforge.net/hibernate-mapping. Use namespace http://www.hibernate.org/dtd/hibernate-mapping instead.  Support for obsolete DTD/XSD namespaces may be removed at any time.
21-Jul-2020 08:31:57.188 INFO [main] org.hibernate.dialect.Dialect.<init> HHH000400: Using dialect: org.hibernate.dialect.PostgreSQLDialect
21-Jul-2020 08:31:57.239 INFO [main] org.hibernate.engine.jdbc.env.internal.LobCreatorBuilderImpl.useContextualLobCreation HHH000424: Disabling contextual LOB creation as createClob() method threw error : java.lang.reflect.InvocationTargetException
21-Jul-2020 08:31:57.240 INFO [main] org.hibernate.type.BasicTypeRegistry.register HHH000270: Type registration [java.util.UUID] overrides previous : org.hibernate.type.UUIDBinaryType@4dce4fa
21-Jul-2020 08:31:57.240 INFO [main] org.hibernate.envers.boot.internal.EnversServiceImpl.configure Envers integration enabled? : true
21-Jul-2020 08:31:58.055 INFO [main] org.hibernate.hql.internal.QueryTranslatorFactoryInitiator.initiateService HHH000397: Using ASTQueryTranslatorFactory
21-Jul-2020 08:31:58.265 INFORMACIÓN [main] org.openxava.util.Users.contextInitialized YALOBOX, Tasks: 3
21-Jul-2020 08:31:58.271 INFORMACIÓN [main] org.openxava.util.Users.contextInitialized Add Task, Schema: yalobox, Task: AUTORIZAR TRANSACCIONES
21-Jul-2020 08:31:58.274 INFORMACIÓN [main] org.openxava.util.Users.contextInitialized Add Task, Schema: yalobox, Task: NOTIFICACIONES POR EMAIL
21-Jul-2020 08:31:58.275 INFORMACIÓN [main] org.openxava.util.Users.contextInitialized Add Task, Schema: yalobox, Task: NOTIFICACIONES POR WHASTAPP
21-Jul-2020 08:31:58.297 WARN [main] org.hibernate.jpa.boot.spi.ProviderChecker.hibernateProviderNamesContain HHH015016: Encountered a deprecated javax.persistence.spi.PersistenceProvider [org.hibernate.ejb.HibernatePersistence]; [org.hibernate.jpa.HibernatePersistenceProvider] will be used instead.
21-Jul-2020 08:31:58.298 INFO [main] org.hibernate.jpa.internal.util.LogHelper.logPersistenceUnitInformation HHH000204: Processing PersistenceUnitInfo [
	name: default
	...]
21-Jul-2020 08:31:58.372 WARN [main] org.hibernate.boot.jaxb.internal.stax.LocalXmlResourceResolver.resolveEntity HHH90000012: Recognized obsolete hibernate namespace http://hibernate.sourceforge.net/hibernate-mapping. Use namespace http://www.hibernate.org/dtd/hibernate-mapping instead.  Support for obsolete DTD/XSD namespaces may be removed at any time.
21-Jul-2020 08:31:58.463 INFO [main] org.hibernate.dialect.Dialect.<init> HHH000400: Using dialect: org.hibernate.dialect.PostgreSQLDialect
21-Jul-2020 08:31:58.508 INFO [main] org.hibernate.engine.jdbc.env.internal.LobCreatorBuilderImpl.useContextualLobCreation HHH000424: Disabling contextual LOB creation as createClob() method threw error : java.lang.reflect.InvocationTargetException
21-Jul-2020 08:31:58.509 INFO [main] org.hibernate.type.BasicTypeRegistry.register HHH000270: Type registration [java.util.UUID] overrides previous : org.hibernate.type.UUIDBinaryType@4dce4fa
21-Jul-2020 08:31:58.510 INFO [main] org.hibernate.envers.boot.internal.EnversServiceImpl.configure Envers integration enabled? : true
21-Jul-2020 08:31:59.770 INFO [main] org.hibernate.hql.internal.QueryTranslatorFactoryInitiator.initiateService HHH000397: Using ASTQueryTranslatorFactory
21-Jul-2020 08:32:00.092 INFORMACIÓN [main] org.openxava.util.Users.contextInitialized CRESAFE, Tasks: 0
21-Jul-2020 08:32:00.212 ADVERTENCIA [main] org.apache.catalina.util.SessionIdGeneratorBase.createSecureRandom Creation of SecureRandom instance for session ID generation using [SHA1PRNG] took [118] milliseconds.
21-Jul-2020 08:32:01.119 ADVERTENCIA [main] org.openxava.controller.meta.xmlparse.ControllersParser.createControllers ¡ADVERTENCIA! Se ha cargado el controlador DefaultListActionsForCollections más de una vez
21-Jul-2020 08:32:01.900 INFORMACIÓN [main] org.directwebremoting.impl.StartupUtil.info DWR Version 2.0.10 starting.
21-Jul-2020 08:32:01.900 INFORMACIÓN [main] org.directwebremoting.impl.StartupUtil.info - Servlet Engine: Apache Tomcat/9.0.13
21-Jul-2020 08:32:01.900 INFORMACIÓN [main] org.directwebremoting.impl.StartupUtil.info - Java Version:   1.8.0_221
21-Jul-2020 08:32:01.900 INFORMACIÓN [main] org.directwebremoting.impl.StartupUtil.info - Java Vendor:    Oracle Corporation
21-Jul-2020 08:32:02.053 INFORMACIÓN [main] org.directwebremoting.dwrp.DefaultConverterManager.info Probably not an issue: org.jdom.Document is not available so the jdom converter will not load. This is only a problem if you wanted to use it.
21-Jul-2020 08:32:02.054 INFORMACIÓN [main] org.directwebremoting.dwrp.DefaultConverterManager.info Probably not an issue: org.jdom.Element is not available so the jdom converter will not load. This is only a problem if you wanted to use it.
21-Jul-2020 08:32:02.116 INFORMACIÓN [main] org.apache.catalina.startup.HostConfig.deployDirectory Deployment of web application directory [/home/lramon/POWERFIN/tomcat/webapps/powerfin] has finished in [43.916] ms
21-Jul-2020 08:32:02.118 INFORMACIÓN [main] org.apache.coyote.AbstractProtocol.start Starting ProtocolHandler ["http-nio-8080"]
21-Jul-2020 08:32:02.131 INFORMACIÓN [main] org.apache.coyote.AbstractProtocol.start Starting ProtocolHandler ["ajp-nio-8009"]
21-Jul-2020 08:32:02.138 INFORMACIÓN [main] org.apache.catalina.startup.Catalina.start Server startup in 44314 ms
21-Jul-2020 08:36:47.184 WARN [http-nio-8080-exec-1] org.hibernate.boot.jaxb.internal.stax.LocalXmlResourceResolver.resolveEntity HHH90000012: Recognized obsolete hibernate namespace http://hibernate.sourceforge.net/hibernate-configuration. Use namespace http://www.hibernate.org/dtd/hibernate-configuration instead.  Support for obsolete DTD/XSD namespaces may be removed at any time.
21-Jul-2020 08:36:47.211 WARN [http-nio-8080-exec-1] org.hibernate.boot.jaxb.internal.stax.LocalXmlResourceResolver.resolveEntity HHH90000012: Recognized obsolete hibernate namespace http://hibernate.sourceforge.net/hibernate-configuration. Use namespace http://www.hibernate.org/dtd/hibernate-configuration instead.  Support for obsolete DTD/XSD namespaces may be removed at any time.
21-Jul-2020 08:36:47.235 INFORMACIÓN [http-nio-8080-exec-1] org.openxava.controller.ModuleManager.<clinit> XavaPro 6.3.1 (2020-4-3)
21-Jul-2020 08:36:47.822 DETALLADO [http-nio-8080-exec-1] org.openxava.controller.ModuleManager.log 0:0:0:0:0:0:0:1 null MODULE:SignIn
21-Jul-2020 08:36:48.385 DETALLADO [http-nio-8080-exec-5] org.openxava.web.dwr.DWRBase.request Tiempo petición=206 ms
21-Jul-2020 08:37:07.322 DETALLADO [http-nio-8080-exec-10] org.openxava.controller.ModuleManager.log 0:0:0:0:0:0:0:1 lramon SignIn.signIn 618ms
21-Jul-2020 08:37:07.325 DETALLADO [http-nio-8080-exec-10] org.openxava.web.dwr.DWRBase.request Tiempo petición=626 ms
21-Jul-2020 08:37:08.013 ADVERTENCIA [http-nio-8080-exec-8] com.openxava.naviox.impl.ModulesHelper.toMetaModules Módulo ACTIVITYFLOWPORTFOLIOTRANSACTIONTYPE de POWERFIN no añadido: No existe
21-Jul-2020 08:37:08.109 ADVERTENCIA [http-nio-8080-exec-8] org.openxava.component.parse.AnnotatedClassParser.isForView Ambos forViews y notForViews han sido especificadas. Solo una de ellas es posible, por tanto notForViews se ignora
21-Jul-2020 08:37:08.110 ADVERTENCIA [http-nio-8080-exec-8] org.openxava.component.parse.AnnotatedClassParser.isForView Ambos forViews y notForViews han sido especificadas. Solo una de ellas es posible, por tanto notForViews se ignora
21-Jul-2020 08:37:08.111 ADVERTENCIA [http-nio-8080-exec-8] org.openxava.component.parse.AnnotatedClassParser.isForView Ambos forViews y notForViews han sido especificadas. Solo una de ellas es posible, por tanto notForViews se ignora
21-Jul-2020 08:37:08.111 ADVERTENCIA [http-nio-8080-exec-8] org.openxava.component.parse.AnnotatedClassParser.isForView Ambos forViews y notForViews han sido especificadas. Solo una de ellas es posible, por tanto notForViews se ignora
21-Jul-2020 08:37:08.111 ADVERTENCIA [http-nio-8080-exec-8] org.openxava.component.parse.AnnotatedClassParser.isForView Ambos forViews y notForViews han sido especificadas. Solo una de ellas es posible, por tanto notForViews se ignora
21-Jul-2020 08:37:08.111 ADVERTENCIA [http-nio-8080-exec-8] org.openxava.component.parse.AnnotatedClassParser.isForView Ambos forViews y notForViews han sido especificadas. Solo una de ellas es posible, por tanto notForViews se ignora
21-Jul-2020 08:37:08.111 ADVERTENCIA [http-nio-8080-exec-8] org.openxava.component.parse.AnnotatedClassParser.isForView Ambos forViews y notForViews han sido especificadas. Solo una de ellas es posible, por tanto notForViews se ignora
21-Jul-2020 08:37:08.112 ADVERTENCIA [http-nio-8080-exec-8] org.openxava.component.parse.AnnotatedClassParser.isForView Ambos forViews y notForViews han sido especificadas. Solo una de ellas es posible, por tanto notForViews se ignora
21-Jul-2020 08:37:08.112 ADVERTENCIA [http-nio-8080-exec-8] org.openxava.component.parse.AnnotatedClassParser.isForView Ambos forViews y notForViews han sido especificadas. Solo una de ellas es posible, por tanto notForViews se ignora
21-Jul-2020 08:37:08.112 ADVERTENCIA [http-nio-8080-exec-8] org.openxava.component.parse.AnnotatedClassParser.isForView Ambos forViews y notForViews han sido especificadas. Solo una de ellas es posible, por tanto notForViews se ignora
21-Jul-2020 08:37:08.112 ADVERTENCIA [http-nio-8080-exec-8] org.openxava.component.parse.AnnotatedClassParser.isForView Ambos forViews y notForViews han sido especificadas. Solo una de ellas es posible, por tanto notForViews se ignora
21-Jul-2020 08:37:08.112 ADVERTENCIA [http-nio-8080-exec-8] org.openxava.component.parse.AnnotatedClassParser.isForView Ambos forViews y notForViews han sido especificadas. Solo una de ellas es posible, por tanto notForViews se ignora
21-Jul-2020 08:37:08.112 ADVERTENCIA [http-nio-8080-exec-8] org.openxava.component.parse.AnnotatedClassParser.isForView Ambos forViews y notForViews han sido especificadas. Solo una de ellas es posible, por tanto notForViews se ignora
21-Jul-2020 08:37:08.113 ADVERTENCIA [http-nio-8080-exec-8] org.openxava.component.parse.AnnotatedClassParser.isForView Ambos forViews y notForViews han sido especificadas. Solo una de ellas es posible, por tanto notForViews se ignora
21-Jul-2020 08:37:08.113 ADVERTENCIA [http-nio-8080-exec-8] org.openxava.component.parse.AnnotatedClassParser.isForView Ambos forViews y notForViews han sido especificadas. Solo una de ellas es posible, por tanto notForViews se ignora
21-Jul-2020 08:37:08.113 ADVERTENCIA [http-nio-8080-exec-8] org.openxava.component.parse.AnnotatedClassParser.isForView Ambos forViews y notForViews han sido especificadas. Solo una de ellas es posible, por tanto notForViews se ignora
21-Jul-2020 08:37:08.113 ADVERTENCIA [http-nio-8080-exec-8] org.openxava.component.parse.AnnotatedClassParser.isForView Ambos forViews y notForViews han sido especificadas. Solo una de ellas es posible, por tanto notForViews se ignora
21-Jul-2020 08:37:08.113 ADVERTENCIA [http-nio-8080-exec-8] org.openxava.component.parse.AnnotatedClassParser.isForView Ambos forViews y notForViews han sido especificadas. Solo una de ellas es posible, por tanto notForViews se ignora
21-Jul-2020 08:37:08.113 ADVERTENCIA [http-nio-8080-exec-8] org.openxava.component.parse.AnnotatedClassParser.isForView Ambos forViews y notForViews han sido especificadas. Solo una de ellas es posible, por tanto notForViews se ignora
21-Jul-2020 08:37:08.114 ADVERTENCIA [http-nio-8080-exec-8] org.openxava.component.parse.AnnotatedClassParser.isForView Ambos forViews y notForViews han sido especificadas. Solo una de ellas es posible, por tanto notForViews se ignora
21-Jul-2020 08:37:08.114 ADVERTENCIA [http-nio-8080-exec-8] org.openxava.component.parse.AnnotatedClassParser.isForView Ambos forViews y notForViews han sido especificadas. Solo una de ellas es posible, por tanto notForViews se ignora
21-Jul-2020 08:37:08.114 ADVERTENCIA [http-nio-8080-exec-8] org.openxava.component.parse.AnnotatedClassParser.isForView Ambos forViews y notForViews han sido especificadas. Solo una de ellas es posible, por tanto notForViews se ignora
21-Jul-2020 08:37:08.114 ADVERTENCIA [http-nio-8080-exec-8] org.openxava.component.parse.AnnotatedClassParser.isForView Ambos forViews y notForViews han sido especificadas. Solo una de ellas es posible, por tanto notForViews se ignora
21-Jul-2020 08:37:08.114 ADVERTENCIA [http-nio-8080-exec-8] org.openxava.component.parse.AnnotatedClassParser.isForView Ambos forViews y notForViews han sido especificadas. Solo una de ellas es posible, por tanto notForViews se ignora
21-Jul-2020 08:37:08.114 ADVERTENCIA [http-nio-8080-exec-8] org.openxava.component.parse.AnnotatedClassParser.isForView Ambos forViews y notForViews han sido especificadas. Solo una de ellas es posible, por tanto notForViews se ignora
21-Jul-2020 08:37:08.114 ADVERTENCIA [http-nio-8080-exec-8] org.openxava.component.parse.AnnotatedClassParser.isForView Ambos forViews y notForViews han sido especificadas. Solo una de ellas es posible, por tanto notForViews se ignora
21-Jul-2020 08:37:08.216 ADVERTENCIA [http-nio-8080-exec-8] com.openxava.naviox.impl.ModulesHelper.toMetaModules Módulo ContractEmployee de powerfin no añadido: No existe
21-Jul-2020 08:37:08.232 ADVERTENCIA [http-nio-8080-exec-8] com.openxava.naviox.impl.ModulesHelper.toMetaModules Módulo ACTIVITYFLOWPORTFOLIOTRANSACTION de POWERFIN no añadido: No existe
21-Jul-2020 08:37:08.395 ADVERTENCIA [http-nio-8080-exec-8] com.openxava.naviox.impl.ModulesHelper.toMetaModules Módulo RequestTXInvoiceSaleByCategory de powerfin no añadido: No existe
21-Jul-2020 08:37:10.333 DETALLADO [http-nio-8080-exec-8] org.openxava.controller.ModuleManager.log 0:0:0:0:0:0:0:1 lramon MODULE:PayrollVacation
21-Jul-2020 08:37:10.920 DETALLADO [http-nio-8080-exec-6] org.openxava.tab.impl.JPATabProvider.nextBlock [JPATabProvider.nextBlock] Ejecutando SELECT e.payrollVacationId, e_payrollVacationType.name, e_employeeContract_person.name, e_employeeContract_person.identification, e.fromDate, e.toDate, e.daysVacation, e.monetaryValueProvision, e.dayValueProvision, e_accountStatus.name, e.remark from PayrollVacation e left join e.payrollVacationType e_payrollVacationType left join e.employeeContract e_employeeContract left join e_employeeContract.person e_employeeContract_person left join e.employeeContract e_employeeContract left join e_employeeContract.person e_employeeContract_person left join e.accountStatus e_accountStatus con argumentos 
21-Jul-2020 08:37:11.496 DETALLADO [http-nio-8080-exec-6] org.openxava.tab.impl.TableModelBean.getRow nextChunk=590
21-Jul-2020 08:37:11.537 GRAVE [http-nio-8080-exec-6] org.openxava.tab.Tab.translateCondition Imposible traducir la condición de la lista: ${payrollVacationType.payrollVacationTypeId} = ? 
 org.openxava.util.ElementNotFoundException: No existe la propiedad monetaryValue en PayrollVacation
	at org.openxava.model.meta.MetaModel.getMetaProperty(MetaModel.java:402)
	at org.openxava.tab.Tab$Configuration.getMetaPropertiesNotCalculated(Tab.java:160)
	at org.openxava.tab.Tab$Configuration.translateCondition(Tab.java:75)
	at org.openxava.tab.Tab$Configuration.getName(Tab.java:258)
	at org.apache.jsp.xava.list_jsp._jspService(list_jsp.java:214)
	at org.apache.jasper.runtime.HttpJspBase.service(HttpJspBase.java:70)
	at javax.servlet.http.HttpServlet.service(HttpServlet.java:741)
	at org.apache.jasper.servlet.JspServletWrapper.service(JspServletWrapper.java:477)
	at org.apache.jasper.servlet.JspServlet.serviceJspFile(JspServlet.java:386)
	at org.apache.jasper.servlet.JspServlet.service(JspServlet.java:330)
	at javax.servlet.http.HttpServlet.service(HttpServlet.java:741)
	at org.apache.catalina.core.ApplicationFilterChain.internalDoFilter(ApplicationFilterChain.java:231)
	at org.apache.catalina.core.ApplicationFilterChain.doFilter(ApplicationFilterChain.java:166)
	at org.apache.catalina.core.ApplicationDispatcher.invoke(ApplicationDispatcher.java:712)
	at org.apache.catalina.core.ApplicationDispatcher.doInclude(ApplicationDispatcher.java:580)
	at org.apache.catalina.core.ApplicationDispatcher.include(ApplicationDispatcher.java:516)
	at org.apache.jasper.runtime.JspRuntimeLibrary.include(JspRuntimeLibrary.java:868)
	at org.apache.jsp.xava.core_jsp._jspService(core_jsp.java:323)
	at org.apache.jasper.runtime.HttpJspBase.service(HttpJspBase.java:70)
	at javax.servlet.http.HttpServlet.service(HttpServlet.java:741)
	at org.apache.jasper.servlet.JspServletWrapper.service(JspServletWrapper.java:477)
	at org.apache.jasper.servlet.JspServlet.serviceJspFile(JspServlet.java:386)
	at org.apache.jasper.servlet.JspServlet.service(JspServlet.java:330)
	at javax.servlet.http.HttpServlet.service(HttpServlet.java:741)
	at org.apache.catalina.core.ApplicationFilterChain.internalDoFilter(ApplicationFilterChain.java:231)
	at org.apache.catalina.core.ApplicationFilterChain.doFilter(ApplicationFilterChain.java:166)
	at org.apache.tomcat.websocket.server.WsFilter.doFilter(WsFilter.java:53)
	at org.apache.catalina.core.ApplicationFilterChain.internalDoFilter(ApplicationFilterChain.java:193)
	at org.apache.catalina.core.ApplicationFilterChain.doFilter(ApplicationFilterChain.java:166)
	at org.apache.catalina.core.ApplicationDispatcher.invoke(ApplicationDispatcher.java:712)
	at org.apache.catalina.core.ApplicationDispatcher.processRequest(ApplicationDispatcher.java:459)
	at org.apache.catalina.core.ApplicationDispatcher.doForward(ApplicationDispatcher.java:384)
	at org.apache.catalina.core.ApplicationDispatcher.forward(ApplicationDispatcher.java:312)
	at org.openxava.web.servlets.Servlets.getURIAsString(Servlets.java:126)
	at org.openxava.web.servlets.Servlets.getURIAsString(Servlets.java:105)
	at org.openxava.web.dwr.Module.getURIAsString(Module.java:267)
	at org.openxava.web.dwr.Module.fillResult(Module.java:290)
	at org.openxava.web.dwr.Module.request(Module.java:98)
	at sun.reflect.NativeMethodAccessorImpl.invoke0(Native Method)
	at sun.reflect.NativeMethodAccessorImpl.invoke(NativeMethodAccessorImpl.java:62)
	at sun.reflect.DelegatingMethodAccessorImpl.invoke(DelegatingMethodAccessorImpl.java:43)
	at java.lang.reflect.Method.invoke(Method.java:498)
	at org.directwebremoting.impl.ExecuteAjaxFilter.doFilter(ExecuteAjaxFilter.java:34)
	at org.directwebremoting.impl.DefaultRemoter$1.doFilter(DefaultRemoter.java:428)
	at org.directwebremoting.impl.DefaultRemoter.execute(DefaultRemoter.java:431)
	at org.directwebremoting.impl.DefaultRemoter.execute(DefaultRemoter.java:283)
	at org.directwebremoting.servlet.PlainCallHandler.handle(PlainCallHandler.java:52)
	at org.directwebremoting.servlet.UrlProcessor.handle(UrlProcessor.java:101)
	at org.directwebremoting.servlet.DwrServlet.doPost(DwrServlet.java:146)
	at javax.servlet.http.HttpServlet.service(HttpServlet.java:660)
	at javax.servlet.http.HttpServlet.service(HttpServlet.java:741)
	at org.apache.catalina.core.ApplicationFilterChain.internalDoFilter(ApplicationFilterChain.java:231)
	at org.apache.catalina.core.ApplicationFilterChain.doFilter(ApplicationFilterChain.java:166)
	at org.apache.tomcat.websocket.server.WsFilter.doFilter(WsFilter.java:53)
	at org.apache.catalina.core.ApplicationFilterChain.internalDoFilter(ApplicationFilterChain.java:193)
	at org.apache.catalina.core.ApplicationFilterChain.doFilter(ApplicationFilterChain.java:166)
	at org.apache.catalina.core.StandardWrapperValve.invoke(StandardWrapperValve.java:199)
	at org.apache.catalina.core.StandardContextValve.invoke(StandardContextValve.java:96)
	at org.apache.catalina.authenticator.AuthenticatorBase.invoke(AuthenticatorBase.java:490)
	at org.apache.catalina.core.StandardHostValve.invoke(StandardHostValve.java:139)
	at org.apache.catalina.valves.ErrorReportValve.invoke(ErrorReportValve.java:92)
	at org.apache.catalina.valves.AbstractAccessLogValve.invoke(AbstractAccessLogValve.java:668)
	at org.apache.catalina.core.StandardEngineValve.invoke(StandardEngineValve.java:74)
	at org.apache.catalina.connector.CoyoteAdapter.service(CoyoteAdapter.java:343)
	at org.apache.coyote.http11.Http11Processor.service(Http11Processor.java:408)
	at org.apache.coyote.AbstractProcessorLight.process(AbstractProcessorLight.java:66)
	at org.apache.coyote.AbstractProtocol$ConnectionHandler.process(AbstractProtocol.java:791)
	at org.apache.tomcat.util.net.NioEndpoint$SocketProcessor.doRun(NioEndpoint.java:1417)
	at org.apache.tomcat.util.net.SocketProcessorBase.run(SocketProcessorBase.java:49)
	at java.util.concurrent.ThreadPoolExecutor.runWorker(ThreadPoolExecutor.java:1149)
	at java.util.concurrent.ThreadPoolExecutor$Worker.run(ThreadPoolExecutor.java:624)
	at org.apache.tomcat.util.threads.TaskThread$WrappingRunnable.run(TaskThread.java:61)
	at java.lang.Thread.run(Thread.java:748)

21-Jul-2020 08:37:11.539 GRAVE [http-nio-8080-exec-6] org.openxava.tab.Tab.translateCondition Imposible traducir la condición de la lista: ${payrollVacationType.payrollVacationTypeId} = ? 
 org.openxava.util.ElementNotFoundException: No existe la propiedad monetaryValue en PayrollVacation
	at org.openxava.model.meta.MetaModel.getMetaProperty(MetaModel.java:402)
	at org.openxava.tab.Tab$Configuration.getMetaPropertiesNotCalculated(Tab.java:160)
	at org.openxava.tab.Tab$Configuration.translateCondition(Tab.java:75)
	at org.openxava.tab.Tab$Configuration.getName(Tab.java:258)
	at org.apache.jsp.xava.list_jsp._jspService(list_jsp.java:214)
	at org.apache.jasper.runtime.HttpJspBase.service(HttpJspBase.java:70)
	at javax.servlet.http.HttpServlet.service(HttpServlet.java:741)
	at org.apache.jasper.servlet.JspServletWrapper.service(JspServletWrapper.java:477)
	at org.apache.jasper.servlet.JspServlet.serviceJspFile(JspServlet.java:386)
	at org.apache.jasper.servlet.JspServlet.service(JspServlet.java:330)
	at javax.servlet.http.HttpServlet.service(HttpServlet.java:741)
	at org.apache.catalina.core.ApplicationFilterChain.internalDoFilter(ApplicationFilterChain.java:231)
	at org.apache.catalina.core.ApplicationFilterChain.doFilter(ApplicationFilterChain.java:166)
	at org.apache.catalina.core.ApplicationDispatcher.invoke(ApplicationDispatcher.java:712)
	at org.apache.catalina.core.ApplicationDispatcher.doInclude(ApplicationDispatcher.java:580)
	at org.apache.catalina.core.ApplicationDispatcher.include(ApplicationDispatcher.java:516)
	at org.apache.jasper.runtime.JspRuntimeLibrary.include(JspRuntimeLibrary.java:868)
	at org.apache.jsp.xava.core_jsp._jspService(core_jsp.java:323)
	at org.apache.jasper.runtime.HttpJspBase.service(HttpJspBase.java:70)
	at javax.servlet.http.HttpServlet.service(HttpServlet.java:741)
	at org.apache.jasper.servlet.JspServletWrapper.service(JspServletWrapper.java:477)
	at org.apache.jasper.servlet.JspServlet.serviceJspFile(JspServlet.java:386)
	at org.apache.jasper.servlet.JspServlet.service(JspServlet.java:330)
	at javax.servlet.http.HttpServlet.service(HttpServlet.java:741)
	at org.apache.catalina.core.ApplicationFilterChain.internalDoFilter(ApplicationFilterChain.java:231)
	at org.apache.catalina.core.ApplicationFilterChain.doFilter(ApplicationFilterChain.java:166)
	at org.apache.tomcat.websocket.server.WsFilter.doFilter(WsFilter.java:53)
	at org.apache.catalina.core.ApplicationFilterChain.internalDoFilter(ApplicationFilterChain.java:193)
	at org.apache.catalina.core.ApplicationFilterChain.doFilter(ApplicationFilterChain.java:166)
	at org.apache.catalina.core.ApplicationDispatcher.invoke(ApplicationDispatcher.java:712)
	at org.apache.catalina.core.ApplicationDispatcher.processRequest(ApplicationDispatcher.java:459)
	at org.apache.catalina.core.ApplicationDispatcher.doForward(ApplicationDispatcher.java:384)
	at org.apache.catalina.core.ApplicationDispatcher.forward(ApplicationDispatcher.java:312)
	at org.openxava.web.servlets.Servlets.getURIAsString(Servlets.java:126)
	at org.openxava.web.servlets.Servlets.getURIAsString(Servlets.java:105)
	at org.openxava.web.dwr.Module.getURIAsString(Module.java:267)
	at org.openxava.web.dwr.Module.fillResult(Module.java:290)
	at org.openxava.web.dwr.Module.request(Module.java:98)
	at sun.reflect.NativeMethodAccessorImpl.invoke0(Native Method)
	at sun.reflect.NativeMethodAccessorImpl.invoke(NativeMethodAccessorImpl.java:62)
	at sun.reflect.DelegatingMethodAccessorImpl.invoke(DelegatingMethodAccessorImpl.java:43)
	at java.lang.reflect.Method.invoke(Method.java:498)
	at org.directwebremoting.impl.ExecuteAjaxFilter.doFilter(ExecuteAjaxFilter.java:34)
	at org.directwebremoting.impl.DefaultRemoter$1.doFilter(DefaultRemoter.java:428)
	at org.directwebremoting.impl.DefaultRemoter.execute(DefaultRemoter.java:431)
	at org.directwebremoting.impl.DefaultRemoter.execute(DefaultRemoter.java:283)
	at org.directwebremoting.servlet.PlainCallHandler.handle(PlainCallHandler.java:52)
	at org.directwebremoting.servlet.UrlProcessor.handle(UrlProcessor.java:101)
	at org.directwebremoting.servlet.DwrServlet.doPost(DwrServlet.java:146)
	at javax.servlet.http.HttpServlet.service(HttpServlet.java:660)
	at javax.servlet.http.HttpServlet.service(HttpServlet.java:741)
	at org.apache.catalina.core.ApplicationFilterChain.internalDoFilter(ApplicationFilterChain.java:231)
	at org.apache.catalina.core.ApplicationFilterChain.doFilter(ApplicationFilterChain.java:166)
	at org.apache.tomcat.websocket.server.WsFilter.doFilter(WsFilter.java:53)
	at org.apache.catalina.core.ApplicationFilterChain.internalDoFilter(ApplicationFilterChain.java:193)
	at org.apache.catalina.core.ApplicationFilterChain.doFilter(ApplicationFilterChain.java:166)
	at org.apache.catalina.core.StandardWrapperValve.invoke(StandardWrapperValve.java:199)
	at org.apache.catalina.core.StandardContextValve.invoke(StandardContextValve.java:96)
	at org.apache.catalina.authenticator.AuthenticatorBase.invoke(AuthenticatorBase.java:490)
	at org.apache.catalina.core.StandardHostValve.invoke(StandardHostValve.java:139)
	at org.apache.catalina.valves.ErrorReportValve.invoke(ErrorReportValve.java:92)
	at org.apache.catalina.valves.AbstractAccessLogValve.invoke(AbstractAccessLogValve.java:668)
	at org.apache.catalina.core.StandardEngineValve.invoke(StandardEngineValve.java:74)
	at org.apache.catalina.connector.CoyoteAdapter.service(CoyoteAdapter.java:343)
	at org.apache.coyote.http11.Http11Processor.service(Http11Processor.java:408)
	at org.apache.coyote.AbstractProcessorLight.process(AbstractProcessorLight.java:66)
	at org.apache.coyote.AbstractProtocol$ConnectionHandler.process(AbstractProtocol.java:791)
	at org.apache.tomcat.util.net.NioEndpoint$SocketProcessor.doRun(NioEndpoint.java:1417)
	at org.apache.tomcat.util.net.SocketProcessorBase.run(SocketProcessorBase.java:49)
	at java.util.concurrent.ThreadPoolExecutor.runWorker(ThreadPoolExecutor.java:1149)
	at java.util.concurrent.ThreadPoolExecutor$Worker.run(ThreadPoolExecutor.java:624)
	at org.apache.tomcat.util.threads.TaskThread$WrappingRunnable.run(TaskThread.java:61)
	at java.lang.Thread.run(Thread.java:748)

21-Jul-2020 08:37:11.640 DETALLADO [http-nio-8080-exec-6] org.openxava.tab.impl.JPATabProvider.nextBlock [JPATabProvider.nextBlock] Ejecutando SELECT e.payrollVacationTypeId, e.payrollVacationTypeId, e.name from PayrollVacationType e con argumentos 
21-Jul-2020 08:37:11.641 DETALLADO [http-nio-8080-exec-6] org.openxava.tab.impl.TableModelBean.getRow nextChunk=2
21-Jul-2020 08:37:11.656 DETALLADO [http-nio-8080-exec-6] org.openxava.tab.impl.JPATabProvider.nextBlock [JPATabProvider.nextBlock] Ejecutando SELECT e.accountStatusId, e.accountStatusId, e.name from AccountStatus e con argumentos 
21-Jul-2020 08:37:11.657 DETALLADO [http-nio-8080-exec-6] org.openxava.tab.impl.TableModelBean.getRow nextChunk=2
21-Jul-2020 08:37:11.678 DETALLADO [http-nio-8080-exec-6] org.openxava.web.dwr.DWRBase.request Tiempo petición=800 ms
21-Jul-2020 08:37:36.541 DETALLADO [http-nio-8080-exec-8] org.openxava.controller.ModuleManager.log 0:0:0:0:0:0:0:1 lramon PayrollVacationController.new 120ms
21-Jul-2020 08:37:36.700 DETALLADO [http-nio-8080-exec-8] org.openxava.tab.impl.JPATabProvider.nextBlock [JPATabProvider.nextBlock] Ejecutando SELECT e.payrollVacationTypeId, e.payrollVacationTypeId, e.name from PayrollVacationType e con argumentos 
21-Jul-2020 08:37:36.704 DETALLADO [http-nio-8080-exec-8] org.openxava.tab.impl.TableModelBean.getRow nextChunk=4
21-Jul-2020 08:37:36.981 DETALLADO [http-nio-8080-exec-8] org.openxava.tab.impl.JPATabProvider.nextBlock [JPATabProvider.nextBlock] Ejecutando SELECT e.accountStatusId, e.accountStatusId, e.name from AccountStatus e con argumentos 
21-Jul-2020 08:37:36.982 DETALLADO [http-nio-8080-exec-8] org.openxava.tab.impl.TableModelBean.getRow nextChunk=1
21-Jul-2020 08:37:36.985 DETALLADO [http-nio-8080-exec-8] org.openxava.web.dwr.DWRBase.request Tiempo petición=567 ms
